2021-02-21 00:02:54 error: uncaughtException: Route.post() requires a callback function but got a [object Undefined]
Error: Route.post() requires a callback function but got a [object Undefined]
    at Route.<computed> [as post] (/Users/emad/Desktop/pathfinder-task/node_modules/express/lib/router/route.js:202:15)
    at Function.proto.<computed> [as post] (/Users/emad/Desktop/pathfinder-task/node_modules/express/lib/router/index.js:510:19)
    at AuthRoute.initializeRoutes (/Users/emad/Desktop/pathfinder-task/src/routes/auth.route.ts:19:17)
    at new AuthRoute (/Users/emad/Desktop/pathfinder-task/src/routes/auth.route.ts:13:10)
    at Object.<anonymous> (/Users/emad/Desktop/pathfinder-task/src/server.ts:10:58)
    at Module._compile (internal/modules/cjs/loader.js:1063:30)
    at Module.m._compile (/Users/emad/Desktop/pathfinder-task/node_modules/ts-node/src/index.ts:1056:23)
    at Module._extensions..js (internal/modules/cjs/loader.js:1092:10)
    at Object.require.extensions.<computed> [as .ts] (/Users/emad/Desktop/pathfinder-task/node_modules/ts-node/src/index.ts:1059:12)
    at Module.load (internal/modules/cjs/loader.js:928:32)
2021-02-21 12:37:42 error: StatusCode : 500, Message : ENOENT: no such file or directory, open './lib/response.json'
2021-02-21 12:38:57 error: StatusCode : 500, Message : ENOENT: no such file or directory, open '/Users/emad/Desktop/pathfinder-task/src/services/lib/response.json'
2021-02-21 12:39:23 error: StatusCode : 500, Message : ENOENT: no such file or directory, open '/Users/emad/Desktop/pathfinder-task/src/services../lib/response.json'
2021-02-21 12:41:55 error: uncaughtException: tripsModel is not defined
ReferenceError: tripsModel is not defined
    at Object.<anonymous> (/Users/emad/Desktop/pathfinder-task/src/models/trips.model.ts:11:16)
    at Module._compile (internal/modules/cjs/loader.js:1063:30)
    at Module.m._compile (/Users/emad/Desktop/pathfinder-task/node_modules/ts-node/src/index.ts:1056:23)
    at Module._extensions..js (internal/modules/cjs/loader.js:1092:10)
    at Object.require.extensions.<computed> [as .ts] (/Users/emad/Desktop/pathfinder-task/node_modules/ts-node/src/index.ts:1059:12)
    at Module.load (internal/modules/cjs/loader.js:928:32)
    at Function.Module._load (internal/modules/cjs/loader.js:769:14)
    at Module.require (internal/modules/cjs/loader.js:952:19)
    at require (internal/modules/cjs/helpers.js:88:18)
    at Object.<anonymous> (/Users/emad/Desktop/pathfinder-task/src/services/trips.service.ts:6:1)
2021-02-21 12:50:50 error: uncaughtException: Route.get() requires a callback function but got a [object Undefined]
Error: Route.get() requires a callback function but got a [object Undefined]
    at Route.<computed> [as get] (/Users/emad/Desktop/pathfinder-task/node_modules/express/lib/router/route.js:202:15)
    at Function.proto.<computed> [as get] (/Users/emad/Desktop/pathfinder-task/node_modules/express/lib/router/index.js:510:19)
    at TripsRoute.initializeRoutes (/Users/emad/Desktop/pathfinder-task/src/routes/trips.route.ts:18:17)
    at new TripsRoute (/Users/emad/Desktop/pathfinder-task/src/routes/trips.route.ts:13:10)
    at Object.<anonymous> (/Users/emad/Desktop/pathfinder-task/src/server.ts:9:40)
    at Module._compile (internal/modules/cjs/loader.js:1063:30)
    at Module.m._compile (/Users/emad/Desktop/pathfinder-task/node_modules/ts-node/src/index.ts:1056:23)
    at Module._extensions..js (internal/modules/cjs/loader.js:1092:10)
    at Object.require.extensions.<computed> [as .ts] (/Users/emad/Desktop/pathfinder-task/node_modules/ts-node/src/index.ts:1059:12)
    at Module.load (internal/modules/cjs/loader.js:928:32)
2021-02-21 12:51:12 error: uncaughtException: Route.get() requires a callback function but got a [object Undefined]
Error: Route.get() requires a callback function but got a [object Undefined]
    at Route.<computed> [as get] (/Users/emad/Desktop/pathfinder-task/node_modules/express/lib/router/route.js:202:15)
    at Function.proto.<computed> [as get] (/Users/emad/Desktop/pathfinder-task/node_modules/express/lib/router/index.js:510:19)
    at TripsRoute.initializeRoutes (/Users/emad/Desktop/pathfinder-task/src/routes/trips.route.ts:18:17)
    at new TripsRoute (/Users/emad/Desktop/pathfinder-task/src/routes/trips.route.ts:13:10)
    at Object.<anonymous> (/Users/emad/Desktop/pathfinder-task/src/server.ts:9:40)
    at Module._compile (internal/modules/cjs/loader.js:1063:30)
    at Module.m._compile (/Users/emad/Desktop/pathfinder-task/node_modules/ts-node/src/index.ts:1056:23)
    at Module._extensions..js (internal/modules/cjs/loader.js:1092:10)
    at Object.require.extensions.<computed> [as .ts] (/Users/emad/Desktop/pathfinder-task/node_modules/ts-node/src/index.ts:1059:12)
    at Module.load (internal/modules/cjs/loader.js:928:32)
2021-02-21 12:53:00 error: uncaughtException: Route.get() requires a callback function but got a [object Undefined]
Error: Route.get() requires a callback function but got a [object Undefined]
    at Route.<computed> [as get] (/Users/emad/Desktop/pathfinder-task/node_modules/express/lib/router/route.js:202:15)
    at Function.proto.<computed> [as get] (/Users/emad/Desktop/pathfinder-task/node_modules/express/lib/router/index.js:510:19)
    at TripsRoute.initializeRoutes (/Users/emad/Desktop/pathfinder-task/src/routes/trips.route.ts:18:17)
    at new TripsRoute (/Users/emad/Desktop/pathfinder-task/src/routes/trips.route.ts:13:10)
    at Object.<anonymous> (/Users/emad/Desktop/pathfinder-task/src/server.ts:9:40)
    at Module._compile (internal/modules/cjs/loader.js:1063:30)
    at Module.m._compile (/Users/emad/Desktop/pathfinder-task/node_modules/ts-node/src/index.ts:1056:23)
    at Module._extensions..js (internal/modules/cjs/loader.js:1092:10)
    at Object.require.extensions.<computed> [as .ts] (/Users/emad/Desktop/pathfinder-task/node_modules/ts-node/src/index.ts:1059:12)
    at Module.load (internal/modules/cjs/loader.js:928:32)
2021-02-21 12:53:40 error: uncaughtException: Cannot find module '../controllers/trips.controller'
Require stack:
- /Users/emad/Desktop/pathfinder-task/src/routes/trips.route.ts
- /Users/emad/Desktop/pathfinder-task/src/server.ts
Error: Cannot find module '../controllers/trips.controller'
Require stack:
- /Users/emad/Desktop/pathfinder-task/src/routes/trips.route.ts
- /Users/emad/Desktop/pathfinder-task/src/server.ts
    at Function.Module._resolveFilename (internal/modules/cjs/loader.js:880:15)
    at Function.Module._load (internal/modules/cjs/loader.js:725:27)
    at Module.require (internal/modules/cjs/loader.js:952:19)
    at require (internal/modules/cjs/helpers.js:88:18)
    at Object.<anonymous> (/Users/emad/Desktop/pathfinder-task/src/routes/trips.route.ts:2:1)
    at Module._compile (internal/modules/cjs/loader.js:1063:30)
    at Module.m._compile (/Users/emad/Desktop/pathfinder-task/node_modules/ts-node/src/index.ts:1056:23)
    at Module._extensions..js (internal/modules/cjs/loader.js:1092:10)
    at Object.require.extensions.<computed> [as .ts] (/Users/emad/Desktop/pathfinder-task/node_modules/ts-node/src/index.ts:1059:12)
    at Module.load (internal/modules/cjs/loader.js:928:32)
2021-02-21 12:54:18 error: uncaughtException: TripsController is not defined
ReferenceError: TripsController is not defined
    at Object.<anonymous> (/Users/emad/Desktop/pathfinder-task/src/controllers/deals.controller.ts:65:16)
    at Module._compile (internal/modules/cjs/loader.js:1063:30)
    at Module.m._compile (/Users/emad/Desktop/pathfinder-task/node_modules/ts-node/src/index.ts:1056:23)
    at Module._extensions..js (internal/modules/cjs/loader.js:1092:10)
    at Object.require.extensions.<computed> [as .ts] (/Users/emad/Desktop/pathfinder-task/node_modules/ts-node/src/index.ts:1059:12)
    at Module.load (internal/modules/cjs/loader.js:928:32)
    at Function.Module._load (internal/modules/cjs/loader.js:769:14)
    at Module.require (internal/modules/cjs/loader.js:952:19)
    at require (internal/modules/cjs/helpers.js:88:18)
    at Object.<anonymous> (/Users/emad/Desktop/pathfinder-task/src/routes/trips.route.ts:2:1)
2021-02-21 12:54:30 error: uncaughtException: TripsService is not defined
ReferenceError: TripsService is not defined
    at Object.<anonymous> (/Users/emad/Desktop/pathfinder-task/src/services/trips.service.ts:61:16)
    at Module._compile (internal/modules/cjs/loader.js:1063:30)
    at Module.m._compile (/Users/emad/Desktop/pathfinder-task/node_modules/ts-node/src/index.ts:1056:23)
    at Module._extensions..js (internal/modules/cjs/loader.js:1092:10)
    at Object.require.extensions.<computed> [as .ts] (/Users/emad/Desktop/pathfinder-task/node_modules/ts-node/src/index.ts:1059:12)
    at Module.load (internal/modules/cjs/loader.js:928:32)
    at Function.Module._load (internal/modules/cjs/loader.js:769:14)
    at Module.require (internal/modules/cjs/loader.js:952:19)
    at require (internal/modules/cjs/helpers.js:88:18)
    at Object.<anonymous> (/Users/emad/Desktop/pathfinder-task/src/controllers/deals.controller.ts:4:1)
2021-02-21 12:54:41 error: uncaughtException: TripsService is not defined
ReferenceError: TripsService is not defined
    at Object.<anonymous> (/Users/emad/Desktop/pathfinder-task/src/services/trips.service.ts:61:16)
    at Module._compile (internal/modules/cjs/loader.js:1063:30)
    at Module.m._compile (/Users/emad/Desktop/pathfinder-task/node_modules/ts-node/src/index.ts:1056:23)
    at Module._extensions..js (internal/modules/cjs/loader.js:1092:10)
    at Object.require.extensions.<computed> [as .ts] (/Users/emad/Desktop/pathfinder-task/node_modules/ts-node/src/index.ts:1059:12)
    at Module.load (internal/modules/cjs/loader.js:928:32)
    at Function.Module._load (internal/modules/cjs/loader.js:769:14)
    at Module.require (internal/modules/cjs/loader.js:952:19)
    at require (internal/modules/cjs/helpers.js:88:18)
    at Object.<anonymous> (/Users/emad/Desktop/pathfinder-task/src/controllers/deals.controller.ts:4:1)
2021-02-21 12:54:47 error: uncaughtException: TripsController is not defined
ReferenceError: TripsController is not defined
    at Object.<anonymous> (/Users/emad/Desktop/pathfinder-task/src/controllers/deals.controller.ts:65:16)
    at Module._compile (internal/modules/cjs/loader.js:1063:30)
    at Module.m._compile (/Users/emad/Desktop/pathfinder-task/node_modules/ts-node/src/index.ts:1056:23)
    at Module._extensions..js (internal/modules/cjs/loader.js:1092:10)
    at Object.require.extensions.<computed> [as .ts] (/Users/emad/Desktop/pathfinder-task/node_modules/ts-node/src/index.ts:1059:12)
    at Module.load (internal/modules/cjs/loader.js:928:32)
    at Function.Module._load (internal/modules/cjs/loader.js:769:14)
    at Module.require (internal/modules/cjs/loader.js:952:19)
    at require (internal/modules/cjs/helpers.js:88:18)
    at Object.<anonymous> (/Users/emad/Desktop/pathfinder-task/src/routes/trips.route.ts:2:1)
2021-02-21 12:54:51 error: uncaughtException: TripsService is not defined
ReferenceError: TripsService is not defined
    at Object.<anonymous> (/Users/emad/Desktop/pathfinder-task/src/services/trips.service.ts:61:16)
    at Module._compile (internal/modules/cjs/loader.js:1063:30)
    at Module.m._compile (/Users/emad/Desktop/pathfinder-task/node_modules/ts-node/src/index.ts:1056:23)
    at Module._extensions..js (internal/modules/cjs/loader.js:1092:10)
    at Object.require.extensions.<computed> [as .ts] (/Users/emad/Desktop/pathfinder-task/node_modules/ts-node/src/index.ts:1059:12)
    at Module.load (internal/modules/cjs/loader.js:928:32)
    at Function.Module._load (internal/modules/cjs/loader.js:769:14)
    at Module.require (internal/modules/cjs/loader.js:952:19)
    at require (internal/modules/cjs/helpers.js:88:18)
    at Object.<anonymous> (/Users/emad/Desktop/pathfinder-task/src/controllers/deals.controller.ts:4:1)
2021-02-21 12:55:04 error: uncaughtException: Cannot find module '../services/trips.service'
Require stack:
- /Users/emad/Desktop/pathfinder-task/src/controllers/deals.controller.ts
- /Users/emad/Desktop/pathfinder-task/src/routes/trips.route.ts
- /Users/emad/Desktop/pathfinder-task/src/server.ts
Error: Cannot find module '../services/trips.service'
Require stack:
- /Users/emad/Desktop/pathfinder-task/src/controllers/deals.controller.ts
- /Users/emad/Desktop/pathfinder-task/src/routes/trips.route.ts
- /Users/emad/Desktop/pathfinder-task/src/server.ts
    at Function.Module._resolveFilename (internal/modules/cjs/loader.js:880:15)
    at Function.Module._load (internal/modules/cjs/loader.js:725:27)
    at Module.require (internal/modules/cjs/loader.js:952:19)
    at require (internal/modules/cjs/helpers.js:88:18)
    at Object.<anonymous> (/Users/emad/Desktop/pathfinder-task/src/controllers/deals.controller.ts:4:1)
    at Module._compile (internal/modules/cjs/loader.js:1063:30)
    at Module.m._compile (/Users/emad/Desktop/pathfinder-task/node_modules/ts-node/src/index.ts:1056:23)
    at Module._extensions..js (internal/modules/cjs/loader.js:1092:10)
    at Object.require.extensions.<computed> [as .ts] (/Users/emad/Desktop/pathfinder-task/node_modules/ts-node/src/index.ts:1059:12)
    at Module.load (internal/modules/cjs/loader.js:928:32)
2021-02-21 12:55:09 error: uncaughtException: TripsService is not defined
ReferenceError: TripsService is not defined
    at Object.<anonymous> (/Users/emad/Desktop/pathfinder-task/src/services/deals.service.ts:61:16)
    at Module._compile (internal/modules/cjs/loader.js:1063:30)
    at Module.m._compile (/Users/emad/Desktop/pathfinder-task/node_modules/ts-node/src/index.ts:1056:23)
    at Module._extensions..js (internal/modules/cjs/loader.js:1092:10)
    at Object.require.extensions.<computed> [as .ts] (/Users/emad/Desktop/pathfinder-task/node_modules/ts-node/src/index.ts:1059:12)
    at Module.load (internal/modules/cjs/loader.js:928:32)
    at Function.Module._load (internal/modules/cjs/loader.js:769:14)
    at Module.require (internal/modules/cjs/loader.js:952:19)
    at require (internal/modules/cjs/helpers.js:88:18)
    at Object.<anonymous> (/Users/emad/Desktop/pathfinder-task/src/controllers/deals.controller.ts:4:1)
2021-02-21 12:55:19 error: uncaughtException: TripsService is not defined
ReferenceError: TripsService is not defined
    at Object.<anonymous> (/Users/emad/Desktop/pathfinder-task/src/services/deals.service.ts:61:16)
    at Module._compile (internal/modules/cjs/loader.js:1063:30)
    at Module.m._compile (/Users/emad/Desktop/pathfinder-task/node_modules/ts-node/src/index.ts:1056:23)
    at Module._extensions..js (internal/modules/cjs/loader.js:1092:10)
    at Object.require.extensions.<computed> [as .ts] (/Users/emad/Desktop/pathfinder-task/node_modules/ts-node/src/index.ts:1059:12)
    at Module.load (internal/modules/cjs/loader.js:928:32)
    at Function.Module._load (internal/modules/cjs/loader.js:769:14)
    at Module.require (internal/modules/cjs/loader.js:952:19)
    at require (internal/modules/cjs/helpers.js:88:18)
    at Object.<anonymous> (/Users/emad/Desktop/pathfinder-task/src/controllers/deals.controller.ts:4:1)
2021-02-21 12:55:24 error: uncaughtException: TripsService is not defined
ReferenceError: TripsService is not defined
    at Object.<anonymous> (/Users/emad/Desktop/pathfinder-task/src/services/deals.service.ts:61:16)
    at Module._compile (internal/modules/cjs/loader.js:1063:30)
    at Module.m._compile (/Users/emad/Desktop/pathfinder-task/node_modules/ts-node/src/index.ts:1056:23)
    at Module._extensions..js (internal/modules/cjs/loader.js:1092:10)
    at Object.require.extensions.<computed> [as .ts] (/Users/emad/Desktop/pathfinder-task/node_modules/ts-node/src/index.ts:1059:12)
    at Module.load (internal/modules/cjs/loader.js:928:32)
    at Function.Module._load (internal/modules/cjs/loader.js:769:14)
    at Module.require (internal/modules/cjs/loader.js:952:19)
    at require (internal/modules/cjs/helpers.js:88:18)
    at Object.<anonymous> (/Users/emad/Desktop/pathfinder-task/src/controllers/deals.controller.ts:4:1)
2021-02-21 12:55:38 error: uncaughtException: TripsController is not defined
ReferenceError: TripsController is not defined
    at Object.<anonymous> (/Users/emad/Desktop/pathfinder-task/src/controllers/deals.controller.ts:65:16)
    at Module._compile (internal/modules/cjs/loader.js:1063:30)
    at Module.m._compile (/Users/emad/Desktop/pathfinder-task/node_modules/ts-node/src/index.ts:1056:23)
    at Module._extensions..js (internal/modules/cjs/loader.js:1092:10)
    at Object.require.extensions.<computed> [as .ts] (/Users/emad/Desktop/pathfinder-task/node_modules/ts-node/src/index.ts:1059:12)
    at Module.load (internal/modules/cjs/loader.js:928:32)
    at Function.Module._load (internal/modules/cjs/loader.js:769:14)
    at Module.require (internal/modules/cjs/loader.js:952:19)
    at require (internal/modules/cjs/helpers.js:88:18)
    at Object.<anonymous> (/Users/emad/Desktop/pathfinder-task/src/routes/trips.route.ts:2:1)
2021-02-21 12:55:57 error: uncaughtException: Cannot find module '../models/deals.model'
Require stack:
- /Users/emad/Desktop/pathfinder-task/src/services/deals.service.ts
- /Users/emad/Desktop/pathfinder-task/src/controllers/deals.controller.ts
- /Users/emad/Desktop/pathfinder-task/src/routes/trips.route.ts
- /Users/emad/Desktop/pathfinder-task/src/server.ts
Error: Cannot find module '../models/deals.model'
Require stack:
- /Users/emad/Desktop/pathfinder-task/src/services/deals.service.ts
- /Users/emad/Desktop/pathfinder-task/src/controllers/deals.controller.ts
- /Users/emad/Desktop/pathfinder-task/src/routes/trips.route.ts
- /Users/emad/Desktop/pathfinder-task/src/server.ts
    at Function.Module._resolveFilename (internal/modules/cjs/loader.js:880:15)
    at Function.Module._load (internal/modules/cjs/loader.js:725:27)
    at Module.require (internal/modules/cjs/loader.js:952:19)
    at require (internal/modules/cjs/helpers.js:88:18)
    at Object.<anonymous> (/Users/emad/Desktop/pathfinder-task/src/services/deals.service.ts:6:1)
    at Module._compile (internal/modules/cjs/loader.js:1063:30)
    at Module.m._compile (/Users/emad/Desktop/pathfinder-task/node_modules/ts-node/src/index.ts:1056:23)
    at Module._extensions..js (internal/modules/cjs/loader.js:1092:10)
    at Object.require.extensions.<computed> [as .ts] (/Users/emad/Desktop/pathfinder-task/node_modules/ts-node/src/index.ts:1059:12)
    at Module.load (internal/modules/cjs/loader.js:928:32)
2021-02-21 12:56:03 error: uncaughtException: TripsController is not defined
ReferenceError: TripsController is not defined
    at Object.<anonymous> (/Users/emad/Desktop/pathfinder-task/src/controllers/deals.controller.ts:65:16)
    at Module._compile (internal/modules/cjs/loader.js:1063:30)
    at Module.m._compile (/Users/emad/Desktop/pathfinder-task/node_modules/ts-node/src/index.ts:1056:23)
    at Module._extensions..js (internal/modules/cjs/loader.js:1092:10)
    at Object.require.extensions.<computed> [as .ts] (/Users/emad/Desktop/pathfinder-task/node_modules/ts-node/src/index.ts:1059:12)
    at Module.load (internal/modules/cjs/loader.js:928:32)
    at Function.Module._load (internal/modules/cjs/loader.js:769:14)
    at Module.require (internal/modules/cjs/loader.js:952:19)
    at require (internal/modules/cjs/helpers.js:88:18)
    at Object.<anonymous> (/Users/emad/Desktop/pathfinder-task/src/routes/trips.route.ts:2:1)
2021-02-21 12:56:09 error: uncaughtException: Cannot find module '../models/deals.model'
Require stack:
- /Users/emad/Desktop/pathfinder-task/src/services/deals.service.ts
- /Users/emad/Desktop/pathfinder-task/src/controllers/deals.controller.ts
- /Users/emad/Desktop/pathfinder-task/src/routes/trips.route.ts
- /Users/emad/Desktop/pathfinder-task/src/server.ts
Error: Cannot find module '../models/deals.model'
Require stack:
- /Users/emad/Desktop/pathfinder-task/src/services/deals.service.ts
- /Users/emad/Desktop/pathfinder-task/src/controllers/deals.controller.ts
- /Users/emad/Desktop/pathfinder-task/src/routes/trips.route.ts
- /Users/emad/Desktop/pathfinder-task/src/server.ts
    at Function.Module._resolveFilename (internal/modules/cjs/loader.js:880:15)
    at Function.Module._load (internal/modules/cjs/loader.js:725:27)
    at Module.require (internal/modules/cjs/loader.js:952:19)
    at require (internal/modules/cjs/helpers.js:88:18)
    at Object.<anonymous> (/Users/emad/Desktop/pathfinder-task/src/services/deals.service.ts:6:1)
    at Module._compile (internal/modules/cjs/loader.js:1063:30)
    at Module.m._compile (/Users/emad/Desktop/pathfinder-task/node_modules/ts-node/src/index.ts:1056:23)
    at Module._extensions..js (internal/modules/cjs/loader.js:1092:10)
    at Object.require.extensions.<computed> [as .ts] (/Users/emad/Desktop/pathfinder-task/node_modules/ts-node/src/index.ts:1059:12)
    at Module.load (internal/modules/cjs/loader.js:928:32)
2021-02-21 12:56:24 error: uncaughtException: Cannot find module '../models/deals.model'
Require stack:
- /Users/emad/Desktop/pathfinder-task/src/services/deals.service.ts
- /Users/emad/Desktop/pathfinder-task/src/controllers/deals.controller.ts
- /Users/emad/Desktop/pathfinder-task/src/routes/trips.route.ts
- /Users/emad/Desktop/pathfinder-task/src/server.ts
Error: Cannot find module '../models/deals.model'
Require stack:
- /Users/emad/Desktop/pathfinder-task/src/services/deals.service.ts
- /Users/emad/Desktop/pathfinder-task/src/controllers/deals.controller.ts
- /Users/emad/Desktop/pathfinder-task/src/routes/trips.route.ts
- /Users/emad/Desktop/pathfinder-task/src/server.ts
    at Function.Module._resolveFilename (internal/modules/cjs/loader.js:880:15)
    at Function.Module._load (internal/modules/cjs/loader.js:725:27)
    at Module.require (internal/modules/cjs/loader.js:952:19)
    at require (internal/modules/cjs/helpers.js:88:18)
    at Object.<anonymous> (/Users/emad/Desktop/pathfinder-task/src/services/deals.service.ts:6:1)
    at Module._compile (internal/modules/cjs/loader.js:1063:30)
    at Module.m._compile (/Users/emad/Desktop/pathfinder-task/node_modules/ts-node/src/index.ts:1056:23)
    at Module._extensions..js (internal/modules/cjs/loader.js:1092:10)
    at Object.require.extensions.<computed> [as .ts] (/Users/emad/Desktop/pathfinder-task/node_modules/ts-node/src/index.ts:1059:12)
    at Module.load (internal/modules/cjs/loader.js:928:32)
2021-02-21 12:56:31 error: uncaughtException: TripsController is not defined
ReferenceError: TripsController is not defined
    at Object.<anonymous> (/Users/emad/Desktop/pathfinder-task/src/controllers/deals.controller.ts:65:16)
    at Module._compile (internal/modules/cjs/loader.js:1063:30)
    at Module.m._compile (/Users/emad/Desktop/pathfinder-task/node_modules/ts-node/src/index.ts:1056:23)
    at Module._extensions..js (internal/modules/cjs/loader.js:1092:10)
    at Object.require.extensions.<computed> [as .ts] (/Users/emad/Desktop/pathfinder-task/node_modules/ts-node/src/index.ts:1059:12)
    at Module.load (internal/modules/cjs/loader.js:928:32)
    at Function.Module._load (internal/modules/cjs/loader.js:769:14)
    at Module.require (internal/modules/cjs/loader.js:952:19)
    at require (internal/modules/cjs/helpers.js:88:18)
    at Object.<anonymous> (/Users/emad/Desktop/pathfinder-task/src/routes/trips.route.ts:2:1)
2021-02-21 13:21:02 error: StatusCode : 500, Message : deals.sort is not a function
2021-02-21 13:22:11 error: uncaughtException: тип Unable to compile TypeScript:
[96msrc/controllers/deals.controller.ts[0m:[93m23[0m:[93m24[0m - [91merror[0m[90m TS1005: [0m')' expected.

[7m23[0m       console.log(deals;
[7m  [0m [91m                       ~[0m

TSError: тип Unable to compile TypeScript:
[96msrc/controllers/deals.controller.ts[0m:[93m23[0m:[93m24[0m - [91merror[0m[90m TS1005: [0m')' expected.

[7m23[0m       console.log(deals;
[7m  [0m [91m                       ~[0m

    at createTSError (/Users/emad/Desktop/pathfinder-task/node_modules/ts-node/src/index.ts:513:12)
    at reportTSError (/Users/emad/Desktop/pathfinder-task/node_modules/ts-node/src/index.ts:517:19)
    at getOutput (/Users/emad/Desktop/pathfinder-task/node_modules/ts-node/src/index.ts:955:34)
    at Object.compile (/Users/emad/Desktop/pathfinder-task/node_modules/ts-node/src/index.ts:968:32)
    at Module.m._compile (/Users/emad/Desktop/pathfinder-task/node_modules/ts-node/src/index.ts:1056:42)
    at Module._extensions..js (internal/modules/cjs/loader.js:1092:10)
    at Object.require.extensions.<computed> [as .ts] (/Users/emad/Desktop/pathfinder-task/node_modules/ts-node/src/index.ts:1059:12)
    at Module.load (internal/modules/cjs/loader.js:928:32)
    at Function.Module._load (internal/modules/cjs/loader.js:769:14)
    at Module.require (internal/modules/cjs/loader.js:952:19)
2021-02-21 13:22:23 error: uncaughtException: тип Unable to compile TypeScript:
[96msrc/controllers/deals.controller.ts[0m:[93m23[0m:[93m24[0m - [91merror[0m[90m TS1005: [0m')' expected.

[7m23[0m       console.log(deals;
[7m  [0m [91m                       ~[0m

TSError: тип Unable to compile TypeScript:
[96msrc/controllers/deals.controller.ts[0m:[93m23[0m:[93m24[0m - [91merror[0m[90m TS1005: [0m')' expected.

[7m23[0m       console.log(deals;
[7m  [0m [91m                       ~[0m

    at createTSError (/Users/emad/Desktop/pathfinder-task/node_modules/ts-node/src/index.ts:513:12)
    at reportTSError (/Users/emad/Desktop/pathfinder-task/node_modules/ts-node/src/index.ts:517:19)
    at getOutput (/Users/emad/Desktop/pathfinder-task/node_modules/ts-node/src/index.ts:955:34)
    at Object.compile (/Users/emad/Desktop/pathfinder-task/node_modules/ts-node/src/index.ts:968:32)
    at Module.m._compile (/Users/emad/Desktop/pathfinder-task/node_modules/ts-node/src/index.ts:1056:42)
    at Module._extensions..js (internal/modules/cjs/loader.js:1092:10)
    at Object.require.extensions.<computed> [as .ts] (/Users/emad/Desktop/pathfinder-task/node_modules/ts-node/src/index.ts:1059:12)
    at Module.load (internal/modules/cjs/loader.js:928:32)
    at Function.Module._load (internal/modules/cjs/loader.js:769:14)
    at Module.require (internal/modules/cjs/loader.js:952:19)
2021-02-21 13:22:29 error: StatusCode : 500, Message : deals.sort is not a function
