2021-02-21 00:05:38 info: 🚀 App listening on the port 3000
2021-02-21 00:05:44 info: [0mGET / [32m200[0m 3.773 ms - 2[0m
2021-02-21 00:06:03 info: 🚀 App listening on the port 3000
2021-02-21 00:06:05 info: 🚀 App listening on the port 3000
2021-02-21 00:06:07 info: [0mGET / [36m304[0m 4.665 ms - -[0m
2021-02-21 12:36:59 info: 🚀 App listening on the port 3000
2021-02-21 12:37:42 error: StatusCode : 500, Message : ENOENT: no such file or directory, open './lib/response.json'
2021-02-21 12:37:42 info: [0mGET /trips [31m500[0m 7.763 ms - 75[0m
2021-02-21 12:38:53 info: 🚀 App listening on the port 3000
2021-02-21 12:38:57 error: StatusCode : 500, Message : ENOENT: no such file or directory, open '/Users/emad/Desktop/pathfinder-task/src/services/lib/response.json'
2021-02-21 12:38:57 info: [0mGET /trips [31m500[0m 7.080 ms - 122[0m
2021-02-21 12:39:18 info: 🚀 App listening on the port 3000
2021-02-21 12:39:23 error: StatusCode : 500, Message : ENOENT: no such file or directory, open '/Users/emad/Desktop/pathfinder-task/src/services../lib/response.json'
2021-02-21 12:39:23 info: [0mGET /trips [31m500[0m 7.328 ms - 124[0m
2021-02-21 12:39:31 info: 🚀 App listening on the port 3000
2021-02-21 12:39:34 info: [0mGET /trips [32m200[0m 10.213 ms - -[0m
2021-02-21 12:40:17 info: 🚀 App listening on the port 3000
2021-02-21 12:40:51 info: 🚀 App listening on the port 3000
2021-02-21 12:41:01 info: 🚀 App listening on the port 3000
2021-02-21 12:41:05 info: 🚀 App listening on the port 3000
2021-02-21 12:41:19 info: 🚀 App listening on the port 3000
2021-02-21 12:41:40 info: 🚀 App listening on the port 3000
2021-02-21 12:41:45 info: 🚀 App listening on the port 3000
2021-02-21 12:41:48 info: 🚀 App listening on the port 3000
2021-02-21 12:41:50 info: 🚀 App listening on the port 3000
2021-02-21 12:42:04 info: 🚀 App listening on the port 3000
2021-02-21 12:42:33 info: 🚀 App listening on the port 3000
2021-02-21 12:42:37 info: [0mGET /trips [32m200[0m 7.768 ms - -[0m
2021-02-21 12:43:20 info: 🚀 App listening on the port 3000
2021-02-21 12:43:35 info: 🚀 App listening on the port 3000
2021-02-21 12:43:39 info: [0mGET /trips [32m200[0m 6.808 ms - -[0m
2021-02-21 12:43:46 info: 🚀 App listening on the port 3000
2021-02-21 12:43:49 info: [0mGET /trips [32m200[0m 6.651 ms - -[0m
2021-02-21 12:44:00 info: 🚀 App listening on the port 3000
2021-02-21 12:47:33 info: [0mGET / [36m304[0m 5.059 ms - -[0m
2021-02-21 12:52:09 info: 🚀 App listening on the port 3000
2021-02-21 12:52:26 info: 🚀 App listening on the port 3000
2021-02-21 12:52:31 info: 🚀 App listening on the port 3000
2021-02-21 12:52:43 info: 🚀 App listening on the port 3000
2021-02-21 12:53:04 info: 🚀 App listening on the port 3000
2021-02-21 12:53:19 info: 🚀 App listening on the port 3000
2021-02-21 12:54:10 info: 🚀 App listening on the port 3000
2021-02-21 12:57:13 info: 🚀 App listening on the port 3000
2021-02-21 12:57:31 info: 🚀 App listening on the port 3000
2021-02-21 12:57:35 info: 🚀 App listening on the port 3000
2021-02-21 12:57:58 info: 🚀 App listening on the port 3000
2021-02-21 12:58:28 info: 🚀 App listening on the port 3000
2021-02-21 12:58:31 info: 🚀 App listening on the port 3000
2021-02-21 12:58:37 info: [0mGET /deals [32m200[0m 8.962 ms - -[0m
2021-02-21 12:58:51 info: [0mGET /deals?sortBy=fastest [32m200[0m 2.307 ms - -[0m
2021-02-21 12:58:58 info: [0mGET /deals?sortBy=%22fastes%22 [32m200[0m 1.220 ms - -[0m
2021-02-21 13:12:44 info: 🚀 App listening on the port 3000
2021-02-21 13:12:45 info: 🚀 App listening on the port 3000
2021-02-21 13:13:05 info: 🚀 App listening on the port 3000
2021-02-21 13:13:11 info: [0mGET /deals?sortBy=%22fastes%22 [32m200[0m 9.616 ms - -[0m
2021-02-21 13:13:31 info: 🚀 App listening on the port 3000
2021-02-21 13:13:33 info: [0mGET /deals?sortBy=%22fastes%22 [32m200[0m 15.322 ms - -[0m
2021-02-21 13:14:00 info: 🚀 App listening on the port 3000
2021-02-21 13:14:03 info: [0mGET /deals?sortBy=%22fastes%22 [32m200[0m 6.190 ms - -[0m
2021-02-21 13:14:11 info: 🚀 App listening on the port 3000
2021-02-21 13:14:15 info: [0mGET /deals?sortBy=%22fastes%22 [32m200[0m 6.480 ms - -[0m
2021-02-21 13:14:37 info: 🚀 App listening on the port 3000
2021-02-21 13:14:42 info: 🚀 App listening on the port 3000
2021-02-21 13:14:49 info: [0mGET /deals?sortBy=%22fastes%22 [32m200[0m 6.565 ms - -[0m
2021-02-21 13:15:13 info: 🚀 App listening on the port 3000
2021-02-21 13:15:16 info: [0mGET /deals?sortBy=%22fastes%22 [32m200[0m 7.782 ms - -[0m
2021-02-21 13:15:44 info: 🚀 App listening on the port 3000
2021-02-21 13:15:47 info: [0mGET /deals?sortBy=%22fastes%22 [33m404[0m 4.459 ms - 144[0m
2021-02-21 13:16:05 info: 🚀 App listening on the port 3000
2021-02-21 13:16:56 info: 🚀 App listening on the port 3000
2021-02-21 13:16:59 info: [0mGET /deals?sortBy=%22fastes%22 [32m200[0m 9.679 ms - -[0m
2021-02-21 13:17:54 info: 🚀 App listening on the port 3000
2021-02-21 13:17:57 info: [0mGET /deals?sortBy=%22fastes%22 [33m404[0m 5.020 ms - 144[0m
2021-02-21 13:18:17 info: 🚀 App listening on the port 3000
2021-02-21 13:18:26 info: [0mGET /deals/filter?sortBy=%22fastes%22 [33m404[0m 5.353 ms - 151[0m
2021-02-21 13:18:55 info: 🚀 App listening on the port 3000
2021-02-21 13:19:03 info: [0mGET /deals/filter?sortBy=%22fastes%22 [33m404[0m 4.176 ms - 151[0m
2021-02-21 13:19:10 info: [0mGET /deals/filter?sortBy=dsdsds [33m404[0m 0.917 ms - 151[0m
2021-02-21 13:19:23 info: [0mGET /deals/sortBy=dsdsds [33m404[0m 0.823 ms - 158[0m
2021-02-21 13:19:36 info: 🚀 App listening on the port 3000
2021-02-21 13:19:39 info: [0mGET /deals/sortBy=dsdsds [33m404[0m 4.397 ms - 158[0m
2021-02-21 13:19:52 info: [0mGET /deals/sortBy=dsdsds [33m404[0m 1.114 ms - 158[0m
2021-02-21 13:19:59 info: [0mGET /deals [32m200[0m 5.166 ms - -[0m
2021-02-21 13:20:04 info: [0mGET /deals/sortBy=dsdsds [33m404[0m 0.671 ms - 158[0m
2021-02-21 13:20:33 info: 🚀 App listening on the port 3000
2021-02-21 13:20:53 info: 🚀 App listening on the port 3000
2021-02-21 13:21:02 error: StatusCode : 500, Message : deals.sort is not a function
2021-02-21 13:21:02 info: [0mGET /deals/sortBy [31m500[0m 12.708 ms - 42[0m
2021-02-21 13:22:26 info: 🚀 App listening on the port 3000
2021-02-21 13:22:29 error: StatusCode : 500, Message : deals.sort is not a function
2021-02-21 13:22:29 info: [0mGET /deals/sortBy [31m500[0m 20.804 ms - 42[0m
2021-02-21 13:22:52 info: 🚀 App listening on the port 3000
2021-02-21 13:23:00 info: 🚀 App listening on the port 3000
2021-02-21 13:23:33 info: 🚀 App listening on the port 3000
2021-02-21 13:23:35 info: 🚀 App listening on the port 3000
2021-02-21 13:23:38 info: [0mGET /deals/sortBy [32m200[0m 121.083 ms - -[0m
2021-02-21 13:24:14 info: 🚀 App listening on the port 3000
2021-02-21 13:24:22 info: 🚀 App listening on the port 3000
2021-02-21 13:25:04 info: 🚀 App listening on the port 3000
2021-02-21 13:25:10 info: [0mGET /deals/sortBy [32m200[0m 7.769 ms - -[0m
2021-02-21 13:25:31 info: 🚀 App listening on the port 3000
2021-02-21 13:25:35 info: [0mGET /deals/sortBy [32m200[0m 7.437 ms - -[0m
2021-02-21 13:26:14 info: [0mGET /deals/sortBy [32m200[0m 1.771 ms - -[0m
2021-02-21 13:26:15 info: [0mGET /deals/sortBy [32m200[0m 1.838 ms - -[0m
2021-02-21 13:26:16 info: [0mGET /deals/sortBy [32m200[0m 1.165 ms - -[0m
2021-02-21 13:26:16 info: [0mGET /deals/sortBy [32m200[0m 1.510 ms - -[0m
2021-02-21 13:26:17 info: [0mGET /deals/sortBy [32m200[0m 1.638 ms - -[0m
2021-02-21 13:26:17 info: [0mGET /deals/sortBy [32m200[0m 1.121 ms - -[0m
2021-02-21 14:58:58 info: 🚀 App listening on the port 3000
2021-02-21 14:59:37 info: 🚀 App listening on the port 3000
2021-02-21 15:12:02 info: 🚀 App listening on the port 3000
2021-02-21 15:12:06 info: [0mGET /deals/sortBy [32m200[0m 14.465 ms - -[0m
2021-02-21 15:12:30 info: [0mGET /deals/sortBy='fastest' [33m404[0m 2.253 ms - 169[0m
2021-02-21 15:12:54 info: 🚀 App listening on the port 3000
2021-02-21 15:13:02 info: [0mGET /deals/sortBy [32m200[0m 19.131 ms - -[0m
2021-02-21 15:14:43 info: 🚀 App listening on the port 3000
2021-02-21 15:14:45 info: [0mGET /deals/sortBy [32m200[0m 46.274 ms - -[0m
2021-02-21 15:49:11 info: 🚀 App listening on the port 3000
2021-02-21 15:52:17 info: 🚀 App listening on the port 3000
2021-02-21 15:52:23 info: [0mGET /deals/sortBy [32m200[0m 14.261 ms - -[0m
2021-02-21 16:07:49 info: 🚀 App listening on the port 3000
2021-02-21 16:07:53 info: [0mGET /deals/sortBy [32m200[0m 17.024 ms - -[0m
