2021-02-22 11:00:07 info: 🚀 App listening on the port 3000
2021-02-22 11:00:12 info: [0mGET /deals/sortBy [33m404[0m 3.781 ms - 151[0m
2021-02-22 11:00:24 info: [0mGET /deals?sortBy=ads [32m200[0m 6.957 ms - -[0m
2021-02-22 11:00:36 info: 🚀 App listening on the port 3000
2021-02-22 11:00:39 info: [0mGET /deals?sortBy=ads [33m404[0m 4.825 ms - 144[0m
2021-02-22 11:00:55 info: 🚀 App listening on the port 3000
2021-02-22 11:01:09 info: [0mGET /deals/filter?sortBy=ads [33m404[0m 4.345 ms - 151[0m
2021-02-22 11:01:25 info: 🚀 App listening on the port 3000
2021-02-22 11:01:31 info: [0mPOST /deals/filter?sortBy=ads [33m404[0m 5.172 ms - 152[0m
2021-02-22 11:01:32 info: [0mPOST /deals/filter?sortBy=ads [33m404[0m 1.011 ms - 152[0m
2021-02-22 11:01:57 info: 🚀 App listening on the port 3000
2021-02-22 11:50:57 info: 🚀 App listening on the port 3000
2021-02-22 11:50:59 info: 🚀 App listening on the port 3000
2021-02-22 11:51:01 info: 🚀 App listening on the port 3000
2021-02-22 11:56:05 info: 🚀 App listening on the port 3000
2021-02-22 11:56:22 info: [0mGET /deals?sortBy=ads [32m200[0m 8.345 ms - -[0m
2021-02-22 11:56:40 info: [0mGET /deals?sortBy=cheapeast [32m200[0m 1.607 ms - -[0m
2021-02-22 11:58:10 info: 🚀 App listening on the port 3000
2021-02-22 11:58:19 info: [0mGET /deals?sortBy=fastest [32m200[0m 7.554 ms - -[0m
2021-02-22 12:03:40 info: 🚀 App listening on the port 3000
2021-02-22 12:04:06 info: 🚀 App listening on the port 3000
2021-02-22 12:04:14 info: [0mGET /deals?sortBy=fastest [32m200[0m 8.951 ms - -[0m
2021-02-22 12:04:24 info: [0mGET /deals?sortBy=fastest [32m200[0m 2.604 ms - -[0m
2021-02-22 12:04:30 info: [0mGET /deals?sortBy=cheapest [32m200[0m 1.575 ms - -[0m
2021-02-22 12:05:17 info: 🚀 App listening on the port 3000
2021-02-22 12:05:19 info: [0mGET /deals?sortBy=cheapest [32m200[0m 6.713 ms - -[0m
2021-02-22 12:05:27 info: 🚀 App listening on the port 3000
2021-02-22 12:05:47 info: [0mGET /deals?sortBy=cheapest [32m200[0m 7.907 ms - -[0m
2021-02-22 12:06:08 info: 🚀 App listening on the port 3000
2021-02-22 12:06:11 info: [0mGET /deals?sortBy=cheapest [32m200[0m 8.802 ms - -[0m
2021-02-22 12:06:34 info: 🚀 App listening on the port 3000
2021-02-22 12:06:51 info: 🚀 App listening on the port 3000
2021-02-22 12:07:01 info: [0mGET /deals?sortBy=%22cheapest%22 [32m200[0m 10.685 ms - -[0m
2021-02-22 12:07:17 info: [0mGET /deals?sortBy=%22cheapeast%22 [32m200[0m 1.870 ms - -[0m
2021-02-22 12:07:30 info: 🚀 App listening on the port 3000
2021-02-22 12:07:36 info: [0mGET /deals?sortBy=%22cheap%22 [32m200[0m 8.830 ms - -[0m
2021-02-22 12:07:50 info: 🚀 App listening on the port 3000
2021-02-22 12:07:52 info: [0mGET /deals?sortBy=%22cheap%22 [32m200[0m 8.210 ms - -[0m
2021-02-22 12:08:06 info: 🚀 App listening on the port 3000
2021-02-22 12:08:07 info: [0mGET /deals?sortBy=%22cheap%22 [32m200[0m 7.704 ms - -[0m
2021-02-22 12:08:17 info: 🚀 App listening on the port 3000
2021-02-22 12:08:19 info: [0mGET /deals?sortBy=%22cheap%22 [32m200[0m 8.971 ms - -[0m
2021-02-22 12:08:25 info: 🚀 App listening on the port 3000
2021-02-22 12:08:27 info: [0mGET /deals?sortBy=%22cheap%22 [32m200[0m 7.734 ms - -[0m
2021-02-22 12:09:00 info: 🚀 App listening on the port 3000
2021-02-22 12:09:02 info: [0mGET /deals?sortBy=%22cheap%22 [32m200[0m 9.610 ms - -[0m
2021-02-22 12:09:15 info: 🚀 App listening on the port 3000
2021-02-22 12:09:25 info: 🚀 App listening on the port 3000
2021-02-22 12:09:32 info: 🚀 App listening on the port 3000
2021-02-22 12:09:34 info: [0mGET /deals?sortBy=%22cheap%22 [32m200[0m 9.210 ms - -[0m
2021-02-22 12:09:49 info: 🚀 App listening on the port 3000
2021-02-22 12:10:04 info: [0mGET /deals?sortBy=%22cheap%22 [32m200[0m 7.194 ms - -[0m
2021-02-22 12:10:26 info: 🚀 App listening on the port 3000
2021-02-22 12:10:29 info: [0mGET /deals?sortBy=%22cheap%22 [32m200[0m 8.377 ms - -[0m
2021-02-22 12:10:37 info: 🚀 App listening on the port 3000
2021-02-22 12:10:40 info: [0mGET /deals?sortBy=%22cheap%22 [32m200[0m 56.657 ms - -[0m
2021-02-22 12:11:07 info: 🚀 App listening on the port 3000
2021-02-22 12:11:11 info: 🚀 App listening on the port 3000
2021-02-22 12:11:25 info: 🚀 App listening on the port 3000
2021-02-22 12:11:28 info: [0mGET /deals?sortBy=%22c%22 [32m200[0m 7.614 ms - -[0m
2021-02-22 12:25:14 info: 🚀 App listening on the port 3000
2021-02-22 12:25:15 info: [0mGET /deals?sortBy=cheap [32m200[0m 189.747 ms - -[0m
2021-02-22 12:25:36 info: 🚀 App listening on the port 3000
2021-02-22 12:25:41 info: 🚀 App listening on the port 3000
2021-02-22 12:25:45 info: 🚀 App listening on the port 3000
2021-02-22 12:25:52 info: 🚀 App listening on the port 3000
2021-02-22 12:25:54 info: [0mGET /deals?sortBy=cheap [32m200[0m 8.140 ms - -[0m
2021-02-22 12:26:13 info: 🚀 App listening on the port 3000
2021-02-22 12:26:19 info: [0mGET /deals?sortBy=cheap [32m200[0m 7.736 ms - -[0m
2021-02-22 12:26:31 info: [0mGET /deals?sortBy=cheapest [32m200[0m 2.188 ms - -[0m
2021-02-22 12:26:54 info: 🚀 App listening on the port 3000
2021-02-22 12:27:05 info: 🚀 App listening on the port 3000
2021-02-22 12:27:10 info: [0mGET /deals?sortBy=fastest [32m200[0m 7.922 ms - -[0m
2021-02-22 12:29:14 info: 🚀 App listening on the port 3000
2021-02-22 12:30:48 info: 🚀 App listening on the port 3000
2021-02-22 12:30:50 info: 🚀 App listening on the port 3000
2021-02-22 12:30:55 info: [0mGET /deals?sortBy=fastest [32m200[0m 10.341 ms - -[0m
2021-02-22 12:31:04 info: [0mGET /deals?sortBy=cheapest [32m200[0m 2.167 ms - -[0m
2021-02-22 12:31:14 info: 🚀 App listening on the port 3000
2021-02-22 12:31:19 info: [0mGET /deals?sortBy=cheapest [32m200[0m 9.939 ms - -[0m
2021-02-22 12:31:44 info: 🚀 App listening on the port 3000
2021-02-22 12:31:45 info: [0mGET /deals?sortBy=cheapest [32m200[0m 8.373 ms - -[0m
2021-02-22 12:32:16 info: 🚀 App listening on the port 3000
2021-02-22 12:32:21 info: 🚀 App listening on the port 3000
2021-02-22 12:32:22 info: [0mGET /deals?sortBy=cheapest [32m200[0m 6.798 ms - -[0m
2021-02-22 12:32:31 info: [0mGET /deals?sortBy=fastest [32m200[0m 2.216 ms - -[0m
2021-02-22 12:33:34 info: 🚀 App listening on the port 3000
2021-02-22 12:33:36 info: [0mGET /deals?sortBy=fastest [32m200[0m 15.406 ms - -[0m
2021-02-22 12:34:51 info: 🚀 App listening on the port 3000
2021-02-22 12:34:53 info: [0mGET /deals?sortBy=fastest [32m200[0m 17.483 ms - -[0m
2021-02-22 12:36:26 info: 🚀 App listening on the port 3000
2021-02-22 12:36:28 info: [0mGET /deals?sortBy=fastest [32m200[0m 20.509 ms - -[0m
2021-02-22 12:36:55 info: 🚀 App listening on the port 3000
2021-02-22 12:36:56 info: [0mGET /deals?sortBy=fastest [32m200[0m 15.673 ms - -[0m
2021-02-22 12:37:09 info: 🚀 App listening on the port 3000
2021-02-22 12:37:11 info: [0mGET /deals?sortBy=fastest [32m200[0m 14.171 ms - -[0m
2021-02-22 12:38:09 info: 🚀 App listening on the port 3000
2021-02-22 12:38:10 info: [0mGET /deals?sortBy=fastest [32m200[0m 20.221 ms - -[0m
2021-02-22 12:38:33 info: 🚀 App listening on the port 3000
2021-02-22 12:38:35 info: [0mGET /deals?sortBy=fastest [32m200[0m 21.161 ms - -[0m
2021-02-22 12:38:49 info: 🚀 App listening on the port 3000
2021-02-22 12:38:55 info: 🚀 App listening on the port 3000
2021-02-22 12:38:56 info: [0mGET /deals?sortBy=fastest [32m200[0m 16.989 ms - -[0m
2021-02-22 12:39:06 info: 🚀 App listening on the port 3000
2021-02-22 12:39:08 info: [0mGET /deals?sortBy=fastest [32m200[0m 17.767 ms - -[0m
2021-02-22 12:39:56 info: 🚀 App listening on the port 3000
2021-02-22 12:39:57 info: [0mGET /deals?sortBy=fastest [32m200[0m 23.782 ms - -[0m
2021-02-22 12:40:37 info: 🚀 App listening on the port 3000
2021-02-22 12:40:39 info: [0mGET /deals?sortBy=fastest [32m200[0m 61.640 ms - -[0m
2021-02-22 12:40:49 info: 🚀 App listening on the port 3000
2021-02-22 12:40:50 info: [0mGET /deals?sortBy=fastest [32m200[0m 6.536 ms - -[0m
2021-02-22 12:47:46 info: 🚀 App listening on the port 3000
2021-02-22 12:47:49 info: [0mGET /deals?sortBy=fastest [32m200[0m 9.999 ms - -[0m
2021-02-22 12:49:18 info: 🚀 App listening on the port 3000
2021-02-22 12:49:26 info: 🚀 App listening on the port 3000
2021-02-22 12:49:29 info: [0mGET /deals?sortBy=fastest [32m200[0m 8.847 ms - -[0m
2021-02-22 12:49:37 info: 🚀 App listening on the port 3000
2021-02-22 12:52:27 info: 🚀 App listening on the port 3000
2021-02-22 12:52:29 info: [0mGET /deals?sortBy=fastest [32m200[0m 13.812 ms - -[0m
2021-02-22 12:53:06 info: 🚀 App listening on the port 3000
2021-02-22 12:53:09 info: [0mGET /deals?sortBy=fastest [32m200[0m 7.430 ms - -[0m
2021-02-22 13:03:50 info: 🚀 App listening on the port 3000
2021-02-22 13:03:53 info: [0mGET /deals?sortBy=fastest [32m200[0m 14.548 ms - -[0m
2021-02-22 13:04:10 info: [0mGET /deals?sortBy=cheapest [32m200[0m 2.326 ms - -[0m
2021-02-22 13:04:55 info: 🚀 App listening on the port 3000
2021-02-22 13:04:57 info: [0mGET /deals?sortBy=cheapest [32m200[0m 11.979 ms - -[0m
2021-02-22 13:06:00 info: 🚀 App listening on the port 3000
2021-02-22 13:06:06 info: 🚀 App listening on the port 3000
2021-02-22 13:07:14 info: 🚀 App listening on the port 3000
2021-02-22 13:07:16 info: [0mGET /deals?sortBy=cheapest [32m200[0m 23.278 ms - -[0m
2021-02-22 13:07:25 info: [0mGET /deals?sortBy=fastest [32m200[0m 2.314 ms - -[0m
2021-02-22 13:08:19 info: 🚀 App listening on the port 3000
2021-02-22 13:08:21 info: 🚀 App listening on the port 3000
2021-02-22 13:08:23 info: [0mGET /deals?sortBy=fastest [32m200[0m 8.869 ms - -[0m
2021-02-22 13:08:35 info: [0mGET /deals?sortBy=cheapest [32m200[0m 19.955 ms - -[0m
2021-02-22 13:09:06 info: 🚀 App listening on the port 3000
2021-02-22 13:09:24 info: 🚀 App listening on the port 3000
2021-02-22 13:09:26 info: [0mGET /deals?sortBy=cheapest [32m200[0m 7.731 ms - -[0m
2021-02-22 13:09:32 info: [0mGET /deals?sortBy=fastest [32m200[0m 1.860 ms - -[0m
2021-02-22 13:09:58 info: 🚀 App listening on the port 3000
2021-02-22 13:10:07 info: 🚀 App listening on the port 3000
2021-02-22 13:10:20 info: 🚀 App listening on the port 3000
2021-02-22 13:10:29 info: 🚀 App listening on the port 3000
2021-02-22 13:10:30 info: 🚀 App listening on the port 3000
2021-02-22 13:10:32 info: [0mGET /deals?sortBy=fastest [32m200[0m 7.647 ms - -[0m
2021-02-22 13:10:45 info: [0mGET /deals [32m200[0m 1.553 ms - -[0m
2021-02-22 13:10:51 info: [0mGET /deals?sortBy=dssds [32m200[0m 1.395 ms - -[0m
2021-02-22 13:10:59 info: [0mGET /deals?sortBy=fastest [32m200[0m 1.488 ms - -[0m
2021-02-22 13:11:10 info: 🚀 App listening on the port 3000
2021-02-22 13:11:20 info: 🚀 App listening on the port 3000
2021-02-22 13:11:22 info: 🚀 App listening on the port 3000
2021-02-22 13:11:40 info: 🚀 App listening on the port 3000
2021-02-22 13:11:44 info: 🚀 App listening on the port 3000
2021-02-22 13:11:46 info: [0mGET /deals?sortBy=fastest [32m200[0m 6.578 ms - -[0m
2021-02-22 13:12:11 info: 🚀 App listening on the port 3000
2021-02-22 13:12:13 info: [0mGET /deals?sortBy=fastest [32m200[0m 7.864 ms - -[0m
2021-02-22 13:12:19 info: 🚀 App listening on the port 3000
2021-02-22 13:12:23 info: 🚀 App listening on the port 3000
2021-02-22 13:45:05 info: 🚀 App listening on the port 3000
2021-02-22 13:45:12 info: 🚀 App listening on the port 3000
